[38;5;2m[i 0603 08:08:20.143853 20 compiler.py:955] Jittor(1.3.11.0) src: /opt/miniconda/envs/rtdetr_env/lib/python3.7/site-packages/jittor[m
[38;5;2m[i 0603 08:08:20.149151 20 compiler.py:956] g++ at /usr/bin/g++(11.4.0)[m
[38;5;2m[i 0603 08:08:20.149249 20 compiler.py:957] cache_path: /root/.cache/jittor/jt1.3.11/g++11.4.0/py3.7.12/Linux-6.8.0-52x51/IntelRXeonRGolxc9/8289/default[m
[38;5;2m[i 0603 08:08:20.155325 20 __init__.py:412] Found /usr/local/cuda/bin/nvcc(12.1.105) at /usr/local/cuda/bin/nvcc.[m
[38;5;2m[i 0603 08:08:20.161185 20 __init__.py:412] Found addr2line(2.38) at /usr/bin/addr2line.[m
[38;5;2m[i 0603 08:08:20.290620 20 compiler.py:1012] cuda key:cu12.1.105_sm_86[m
[38;5;2m[i 0603 08:08:20.945157 20 __init__.py:227] Total mem: 124.54GB, using 16 procs for compiling.[m
[38;5;2m[i 0603 08:08:21.063587 20 jit_compiler.cc:28] Load cc_path: /usr/bin/g++[m
[38;5;2m[i 0603 08:08:21.159959 20 init.cc:63] Found cuda archs: [86,][m
[38;5;2m[i 0603 08:08:22.315653 20 cuda_flags.cc:55] CUDA enabled.[m
================================================================================
DyGFormer_v4 (test) Multi-GPU Competition
Dataset: dataset1
MPI: in_mpi=False, rank=0, world_size=1
Per-GPU batch: 64, Global batch: 64
Base LR: 0.0001, Effective LR (scaled): 0.0001
Improvements: cold_start_threshold=8, use_sqrt_neg=False
================================================================================
Train+Val: 690848, Test: 61051
Bipartite: False
Cold-start augmentation enabled (threshold=8, affected src nodes in train: 9562)
Node size: 43215, Num edges: 690848
[38;5;3m[w 0603 08:08:28.011183 20 nn.py:2419]  The `Parameter` interface isn't needed in Jittor, this interface
does nothings and it is just used for compatible.
    
A Jittor Var is a Parameter
when it is a member of Module, if you don't want a Jittor
Var menber is treated as a Parameter, just name it startswith
underscore `_`.
    [m
[38;5;3m[w 0603 08:08:28.430406 20 nn.py:2419]  The `Parameter` interface isn't needed in Jittor, this interface
does nothings and it is just used for compatible.
    
A Jittor Var is a Parameter
when it is a member of Module, if you don't want a Jittor
Var menber is treated as a Parameter, just name it startswith
underscore `_`.
    [m
[38;5;3m[w 0603 08:08:28.431420 20 nn.py:2419]  The `Parameter` interface isn't needed in Jittor, this interface
does nothings and it is just used for compatible.
    
A Jittor Var is a Parameter
when it is a member of Module, if you don't want a Jittor
Var menber is treated as a Parameter, just name it startswith
underscore `_`.
    [m
[38;5;3m[w 0603 08:08:28.431718 20 nn.py:2419]  The `Parameter` interface isn't needed in Jittor, this interface
does nothings and it is just used for compatible.
    
A Jittor Var is a Parameter
when it is a member of Module, if you don't want a Jittor
Var menber is treated as a Parameter, just name it startswith
underscore `_`.
    [m

Training for 10 epoch(s) with early stopping (patience=3)...
Epoch 1:   0%|                                                                                 | 0/9176 [00:00<?, ?it/s]